[    0.000000] Initializing cgroup subsys cpuset
[    0.00000] Initializing cgroup subsys cpu
[    0.000000] Initializing cgroup subsys cpuacct
[    0.000000] Linux version 4.4.0-134-generic (buildd@lgw01-amd64-033) (gcc version 5.4.0 20160609 (Ubuntu 5.4.0-6ubuntu1~16.04.10) ) #160-Ubuntu SMP Wed Aug 15 14:58:00 UTC 018 (Ubuntu 4.4.0-134.160-generic 4.4.140)
[    0.000000] Command line: BOOT_IMAGE=/boot/vmlinuz-4.4.0-134-generic root=LABEL=cloudimg-rootfs ro console=tty1 console=ttyS0
[    0.000000] KERNEL supported cpus:
[    0.000000]   Intel GenuineIntel
[    0.000000]   AMD AuthenticAMD
[    0.000000]   Centaur CentaurHauls
[    0.000000] x86/fpu: xstate_offset[2]:  576, xstate_sizes[2]:  256
[    0.000000] x86/fpu: Supporting XSAVE feature 0x01: 'x87 floating point registers'
[    0.000000] x86/fpu: Supporting XSAVE feature 0x02: 'SSE registers'
[    0.000000] x86/fpu: Supporting XSAVE feature 0x04: 'AVX registers'
[    0.000000] x86/fpu: Enabled xstate features 0x7, context size is 832 bytes, using 'standard' format.
[    0.000000] e820: BIOS-provided physical RAM map:
[    0.000000] BIOS-e820: [mem 0x0000000000000000-0x000000000009fbff] usable
[    0.000000] BIOS-e820: [mem 0x000000000009fc00-0x000000000009ffff] reserved
[    0.000000] BIOS-e820: [mem 0x00000000000f0000-0x00000000000fffff] reserved
[    0.000000] BIOS-e820: [mem 0x0000000000100000-0x000000003ffeffff] usable
[    0.000000] BIOS-e820: [mem 0x000000003fff0000-0x000000003fffffff] ACPI data
[    0.000000] BIOS-e820: [mem 0x00000000fec00000-0x00000000fec00fff] reserved
[    0.000000] BIOS-e820: [mem 0x00000000fee00000-0x00000000fee00fff] reserved
[    0.000000] BIOS-e820: [mem 0x00000000fffc0000-0x00000000ffffffff] reserved
[    0.000000] NX (Execute Disable) protection: active
[    0.00000] SMBIOS 2.5 present.
[    0.000000] Hypervisor detected: KVM
[    0.000000] e820: last_pfn = 0x3fff0 max_arch_pfn = 0x400000000
[    0.000000] MTRR: Disabled
[    0.000000] x86/PAT: MTRRs disabled, skipping PAT initialization too.
[    0.000000] CPU MTRRs all blank - virtualized system.
[    0.000000] x86/PAT: Conffiguration [0-7]: WB  WT  UC- UC  WB  WT  UC- UC  
[    0.000000] found SMP MP-table at [mem 0x0009fff0-0x0009ffff] mapped at [ffff88000009fff0]
[    0.000000] Scanning 1 areas for low memory corruption
[    0.000000] RAMDISK: [mem 0x3630c000-0x3717dfff]
[    0.000000] ACPI: Early table checksum verification disabled
[    0.000000] ACPI: RSDP 0x00000000000E0000 000024 (v02 VBOX  )
[    0.000000] ACPI: XSDT 0x000000003FFF0030 00003C (v01 VBOX   VBOXXSDT 00000001 ASL  00000061)
[    0.000000] ACPI: FACP 0x000000003FFF00F0 0000F4 (v04 VBOX   VBOXFACP 00000001 ASL  00000061)
[    0.000000] ACPI: DSDT 0x000000003FFF0470 0021FF (v02 VBOX   VBOXBIOS 00000002 INTL 20100528)
[    0.000000] ACPI: FACS 0x000000003FFF0200 000040
[    0.000000] ACPI: FACS 0x000000003FFF0200 000040
[    0.000000] ACPI: APIC 0x000000003FFF0240 00005C (v02 VBOX   VBOXAPIC 00000001 ASL  00000061)
[    0.000000] ACPI: SSDT 0x000000003FFF02A0 0001CC (v01 VBO   VBOXXCPUT 00000002 INTL 20100528)
[    0.000000] No NUMA configuration found
[    0.000000] Faking a node at [mem 0x0000000000000000-0x000000003ffeffff]
[    0.000000] NODE_DATA(0) allocated [mem 0x3ffeb000-0x3ffeffff]
[    0.000000] kvm-clock: Using msrs 4b564d01 and 4b564d00
[    0.000000] kvm-clock: cpu 0, msr 0:3ffe3001, primary cpu clock
[    0.000000] kvm-clock: using sched offset of 5053415279 cycles
[    0.000000] clocksource: kvm-clock: mask: 0xffffffffffffffff max_cycles: 0x1cd42e4dffb, max_idle_ns: 881590591483 ns
[    0.000000] Zone ranges:
[    0.000000]   DMA      [mem 0x0000000000001000-0x0000000000ffffff]
[    0.000000]   DMA32    [mem 0x0000000001000000-0x000000003ffeffff]
[    0.000000]   Normal   empty
[    0.000000]   Device   empty
[    0.000000] Movable zone start for each node
[    0.000000] Early memory node ranges
[    0.000000]   node   0: [mem 0x0000000000001000-0x000000000009efff]
[    0.000000]   node   0: [mem 0x0000000000100000-0x000000003ffeffff]
[    0.000000] Initmem setup node 0 [mem 0x0000000000001000-0x000000003ffeffff]
[    0.000000] ACPI: PM-Timer IO Port: 0x4008
[    0.000000] IOAPIC[0]: apic_id 2, version 32, address 0xfec00000, GSI 0-23
[    0.000000] ACPI: INT_SRC_OVR (bus 0 bus_irq 0 global_irq 2 dfl dfl)
[    0.000000] ACPI: INT_SRC_OVR (bus 0 bus_irq 9 global_irq 9 low level)
[    0.000000] Using ACPI (MADT) for SMP configuration information
[    0.000000] smpboot: Allowing 2 CPUs, 0 hotplug CPUs
[    0.000000] PM: Registered nosave memory: [mem 0x00000000-0x00000fff]
[    0.000000] PM: Registered nosave memory: [mem 0x0009f000-0x0009ffff]
[    0.000000] PM: Registered nosave memory: [mem 0x000a0000-0x000effff]
[    0.000000] PM: Registered nosave memory: [mem 0x000f0000-0x000fffff]
[    0.000000] e820: [mem 0x40000000-0xfebfffff] available for PCI devices
[    0.000000] Booting paravirtualized kernel on KVM
[    0.000000] clocksource: refined-jiffies: mask: 0xffffffff max_cycles: 0xffffffff, max_idle_ns: 7645519600211568 ns
[    0.000000] setup_percpu: NR_CPUS:512 nr_cpumask_bits:512 nr_cpu_ids:2 nr_node_ids:1
[    0.000000] PERCPU: Embedded 34 pages/cpu @ffff88003fc00000 s99544 r8192 d31528 u1048576
[    0.000000] PV qspinlock hash table entries: 256 (order: 0, 4096 bytes)
[    0.000000] Built 1 zonelists in Node order, mobility grouping on.  Total pages: 257912
[    0.000000] Policy zone: DMA32
[    0.000000] Kernel command line: BOOT_IMAGE=/boot/vmlinuz-4.4.0-134-generic root=LABEL=cloudimg-rootfs ro console=tty1 console=ttyS0
[    0.000000] PID hash table entries: 4096 (order: 3, 32768 bytes)
[    0.000000] Memory: 997724K/1048120K available (8554K kernel code, 1314K rwdata, 4004K rodata, 1516K init, 1316K bss, 50396K reserved, 0K cma-reserved)
[    0.000000] SLUB: HWalign=64, Order=0-3, MinObjects=0, CPUs=2, Nodes=1
[    0.000000] Kernel/User page tables isolation: enabled
[    0.000000] Hierarchical RCU implementation.
[    0.000000] 	Build-time adjustment of leaf fanout to 64.
[    0.000000] 	RCU restricting CPUs from NR_CPUS=512 to nr_cpu_ids=2.
[    0.000000] RCU: Adjusting geometry for rcu_fanout_leaf=64, nr_cpu_ids=2
[    0.000000] NR_IRQS:33024 nr_irqs:440 16
[    0.000000] Console: colour VGA+ 80x25
[    0.000000] console [tty1] enabled
[    0.000000] console [ttyS0] enabled
[    0.000000] tsc: Detected 1599.999 MHz processor
[    0.475414] Calirating delay loop (skipped) preset value.. 3199.99 BogoMIPS (lpj=6399996)
[    0.495161] pid_max: default: 32768 minimum: 301
[    0.498335] ACPI: Core revision 20150930
[    0.501585] ACPI: 2 ACPI AML tables successfully acquired and loaded
[    0.506089] Security Framework initialized
[    0.508800] Yama: becoming mindful.
[    0.510907] AppArmor: AppArmor initialized
[    0.513735] Dentryy cache hash table entries: 131072 (order: 8, 1048576 bytes)
[    0.520261] Inode-cache hash table entries: 65536 (order: 7, 524288 bytes)
[    0.524636] Mount-cache hash table entries: 2048 (order: 2, 16384 bytes)
[    0.528571] Mountpoint-cache hash table entries: 2048 (order: 2, 16384 bytes)
[    0.533077] Initializing cgroup subsys io
[    0.535814] Initializing cgroup subsys memory
[    0.538593] Initializing cgroup subsys devices
[    0.541201] Initializing cgroup subsys freezer
[    0.543966] Initializing cgroup subsys net_cls
[    0.547074] Initializing cgroup subsys perf_event
[    0.555289] Initializing cgroup subsys net_prio
[    0.563640] Initializing cgroup subsys hugetlb
[    0.566496] Initializing cgroup subsys pids
[    0.570483] mce: CPU supports 0 MCE banks
[    0.572594] Last level iTLB entries: 4KB 64, 2MB 8, 4MB 8
[    0.576319] Last level dTLB entries: 4KB 64, 2MB 0, 4MB 0, 1GB 4
[    0.580081] Spectre V2 : Mitigation: Full generic retpoline
[    0.583670] Spectre V2 : Speculation control IBPB not-supported IBRS not-supported
[    0.587729] Speculative Store Bypass: Vulnerable
[    0.594010] Freeing SMP alternatives memory: 32K
[    0.605484] ftrace: allocating 32266 entries in 127 pages
[    0.666252] smpboot: APIC(0) Converting physical 0 to logical package 0
[    0.670279] smpboot: Max logical packages: 1
[    0.673398] x2apic enabled
[    0.675711] Switched APIC routing to physical x2apic.
[    0.680055] ..TIMER: vector=0x30 apic1=0 pin1=2 apic2=-1 pin2=-1
[    0.791857] smpboot: CPU0: Intel(R) Core(TM) i5-5250U CPU @ 1.60GHz (family: 0x6, model: 0x3d, stepping: 0x4)
[    0.838263] Performance Events: unsupported p6 CPU model 61 no PMU driver, software events only.
[    0.853153] KVM setup paravirtual spinlock
[    0.859062] x86: Booting SMP configuration:
[    0.865634] .... node  #0, CPUs:      #1
[    0.870937] kvm-clock: cpu 1, msr 0:3ffe3041, secondary cpu clock
[    0.878334] mce: CPU supports 0 MCE banks
[    0.882054] x86: Booted up 1 node, 2 CPUs
[    0.886420] smpboot: Total of 2 processors activated (6399.99 BogoMIPS)
[    0.894401] devtmpfs: initialized
[    0.899660] evm: security.selinux
[    0.904671] evm: security.SMACK64
[    0.911665] evm: security.SMACK64EXEC
[    0.915710] evm: security.SMACK64TRANSMUTE
[    0.922320] evm: security.SMACK64MMAP
[    0.926171] evm: security.ima
[    0.930880] evm: security.capability
[    0.935433] clocksource: jiffies: mask: 0xffffffff max_cycles: 0xffffffff, max_idle_ns: 7645041785100000 ns
[    0.946580] futex hash table entries: 512 (order: 3, 32768 bytes)
[    0.951405] pinctrl core: initialized pinctrl subsystem
[    0.956103] RTC time: 10:58:46, date: 09/14/18
[    0.963048] NET: Registered protocol family 16
[    0.983939] cpuidle: using governor ladder
[    1.004681] cpuidle: using governor menu
[    1.012082] PCCT header not found.
[    1.019798] ACPI: bus type PCI registered
[    1.025623] acpiphp: ACPI Hot Plug PCI Controller Driver version: 0.5
[    1.032339] PCI: Using configuration type 1 for base access
[    1.049922] ACPI: Added _OSI(Module Device)
[    1.056661] ACPI: Added _OSI(Processor Device)
[    1.061200] ACPI: Added _OSI(3.0 _SCP Extensions)
[    1.071830] ACPI: Added _OSI(Processor Aggregator Device)
[    1.079205] ACPI: Executed 1 blocks of module-level executable AML code
[    1.090903] ACPI: Interpreter enabled
[    1.096820] ACPI: (supports S0 S5)
[    1.100650] ACPI: Using IOAPIC for interrupt routing
[    1.105853] PCI: Using host bridge windows from ACPI; if necessary, use "pci=nocrs" and report a bug
[    1.121841] ACPI: PCI Root Bridge [PCI0] (domain 0000 [bus 00-ff])
[    1.131806] acpi PNP0A03:00: _OSC: OS supports [ASPM ClockPM Segments MSI]
[    1.147704] acpi PNP0A03:00: _OSC: not requesting OS control; OS requires [ExtendedConfig ASPM ClockPM MSI]
[    1.158128] acpi PNP0A03:00: fail to add MMCONFIG information, can't access extended PCI configuration space under this bridge.
[    1.172575] PCI host bridge to bus 0000:00
[    1.176528] pci_bus 0000:00: root bus resource [io  0x0000-0x0cf7 window]
[    1.186577] pci_bus 0000:00: root bus resource [io  0x0d00-0xffff window]
[    1.196570] pci_bus 0000:00: root bus resource [mem 0x000a0000-0x000bffff window]
[    1.206900] pci_bus 0000:00: root bus resource [mem 0x40000000-0xfdffffff window]
[    1.216041] pci_bus 0000:00: root bus resource [bus 00-ff]
[    1.224737] pci 0000:00:01.1: legacy IDE quirk: reg 0x10: [io  0x01f0-0x01f7]
[    1.233217] pci 0000:00:01.1: legacy IDE quirk: reg 0x14: [io  0x03f6]
[    1.240257] pci 0000:00:01.1: legacy IDE quirk: reg 0x18: [io  0x0170-0x0177]
[    1.247890] pci 0000:00:01.1: legacy IDE quirk: reg 0x1c: [io  0x0376]
[    1.279650] pci 0000:00:07.0: quirk: [io  0x4000-0x403f] claimed by PIIX4 ACPI
[    1.297961] pci 0000:00:07.0: quirk: [io  0x4100-0x410f] claimed by PIIX4 SMB
[    1.328037] ACPI: PCI Interrupt Link [LNKA] (IRQs 5 9 10 *11)
[    1.338511] ACPI: PCI Interrupt Link [LNKB] (IRQs 5 9 *10 11)
[    1.343068] ACPI: PCI Interrupt Link [LNKC] (IRQs 5 *9 10 11)
[    1.349998] ACPI: PCI Interrupt Link [LNKD] (IRQs 5 9 10 *11)
[    1.354777] ACPI: Enabled 2 GPEs in block 00 to 07
[    1.358553] vgaarb: setting as boot device: PCI:0000:00:02.0
[    1.363766] vgaarb: device added: PCI:0000:00:02.0,decodes=io+mem,owns=io+mem,locks=none
[    1.368518] vgaarb: loaded
[    1.370509] vgaarb: bridge control possible 0000:00:02.0
[    1.373759] SCSI subsystem initialized
[    1.376490] ACPI: bus type USB registered
[    1.379111] usbcore: registered new interface driver usbfs
[    1.382708] usbcore: registered new interface driver hub
[    1.385817] usbcore: registered new device driver usb
[    1.393377] PCI: Using ACPI for IRQ routing
[    1.396273] NetLabel: Initializing
[    1.399662] NetLabel:  domain hash size = 128
[    1.402475] NetLabel:  protocols = UNLABELED CIPSOv4
[    1.405380] NetLabel:  unlabeled traffic allowed by default
[    1.410716] amd_nb: Cannot enumerate AMD northbridges
[    1.414025] clocksource: Switched to clocksource kvm-clock
[    1.427591] AppArmor: AppArmor Filesystem Enabled
[    1.430750] pnp: PnP ACPI init
[    1.433941] pnp: PnP ACPI: foun 3 devices

[    1.474810] clocksource: acpi_pm: mask: 0xffffffmax_cycles: 0xffffff, max_idle_ns: 2085701024 ns
[    1.505081] NET: Registered protocol family 2

[    1.507964] TCP established hash table entries: 8192 (order: 4, 65536 bytes)
[    1.511985] TCP bind hash table entries: 8192 (order: 5, 131072 bytes)
[    1.515794] TCP: Hash tables configured (established 8192 bind 8192)
[    1.519788] UDP hash table entries: 512 (order: 2, 16384 bytes)
[    1.523356] UDP-Lite hash table entries: 512 (order: 2, 16384 bytes)
[    1.527187] NET: Registered protocol family 1
[    1.529616] pci 0000:00:00.0: Limiting direct PCI/PCI transfers
[    1.533153] pci 0000:00:01.0: Activating ISA DMA hang workarounds
[    1.537244] Unpacking initramfs...
[    1.798196] Freeing initrd memory: 14792K
[    1.800629] RAPL PMU detected, API unit is 2^-32 Joules, 4 fixed counters 10737418240 ms ovfl timer
[    1.806079] hw unit of domain pp0-core 2^-0 Joules
[    1.809187] hw unit of domain package 2^-0 Joules
[    1.814595] hw unit of domain dram 2^-0 Joules
[    1.817264] hw unit of domain pp1-gpu 2^-0 Joules
[    1.820453] platform rtc_cmos: registered platform RTC device (no PNP device found)
[    1.825294] Scanning for low memory corruption every 60 seconds
[    1.829920] audit: initializing netlink subsys (disabled)
[    1.833315] audit: type=2000 audit(1536922733.004:1): initialized
[    1.836537] Initialise system trusted keyring
[    1.839988] HugeTLB registered 2 MB page size, pre-allocated 0 pages
[    1.845154] zbud: loaded
[    1.847437] VFS: Disk quotas dquot_6.6.0
[    1.850129] VFS: Dquot-cache hash table entries: 512 (order 0, 4096 bytes)
[    1.854896] squashfs: version 4.0 (2009/01/31) Phillip Lougher
[    1.858828] fuse init (API version 7.23)
[    1.861577] Key type big_key registered
[    1.864261] Allocating IMA MOK and blacklist keyrings.
[    1.870471] Key type asymmetric registered
[    1.886810] Asymmetric key parser 'x509' registered
[    1.890653] Block layer SCSI generic (bsg) driver version 0.4 loaded (major 249)
[    1.899132] io scheduler noop registered
[    1.903123] io scheduler deadline registered (default)
[    1.907298] io scheduler cfq registered
[    1.951] pchotplug: PCI Hot Plug PCI Core version: .5
    143659] pciehp: PCI Express Hot Plug Controller Driver version: 0.4
[    2.229339] ACPI: AC Adapter [AC] (on-line)
[    2.232287] input: Power Button as /devices/LNXSYSTM:00/LNXPWRBN:00/input/input0
[    2.236483] ACPI: Power Button [PWRF]

[    2.240100] input: Sleep Button as /devices/LNXSYSTM:00/LNXSLPBN:00/input/input1
[    2.246352] ACPI: Sleep Button [SLPF]
[    2.249731] GHES: HEST is not enabled!
[    2.251772] ACPI: Battery Slot [BAT0] (battery present)
[    2.257525] Serial: 8250/16550 driver, 32 ports, IRQ sharing enabled
[    2.287048] 00:02: ttyS0 at I/O 0x3f8 (irq = 4, base_baud = 115200) is a 16550A
[    2.300978] Linux agpgart interface v0.103
[    2.307280] loop: module loaded
[    2.310808] scsi host0: ata_piix
[    2.313744] scsi host1: ata_piix
[    2.316402] ata1: PATA max UDMA/33 cmd 0x1f0 ctl 0x3f6 bmdma 0xd000 irq 14
[    2.322440] ata2: PATA max UDMA/33 cmd 0x170 ct 0x376 bmdma 0xd008 irq 15

[    2.354106] libphy: Fixed MDIO Bus: probed
[    2.358973] tun: Universal TUN/TAP device driver, 1.6
[    2.364172] tun: (C) 1999-2004 Max Krasnyansky <maxk@ualcomm.com>

[    2.396591] PPP generic driver version 2.4.2
[    2.401335] ehci_hcd: USB 2.0 'Enhanced' Host Controller (EHCI) Driver
[    2.411054] ehci-pci: EHCI PCI platform driver
[    2.415639] ehci-platform: EHCI generic platform driver
[    2.4144] ohci_hcd: USB 1.1 'Open' Host Controller (OHCI) Driver
[    2.477552] ohcipci: OHCI PCI platform driver
[    2.508512]  ohci-platform: OHCI generic platform driver
[    2.514370] uhci_hcd: USB Universal Host Controller Interface driver
[    2.520804] i8042: PNP: PS/2 Controller [PNP0303:PS2K,PNP0f03:PS2M] at 0x60,0x64 irq 112
[    2.554243] serio: i8042 KBD port at 0x60,0x64 irq 1
[    2.560300] serio: i8042 AUX port at 0x60,0x64 irq 12

[    2.565874] mousedev: PS/2 mouse device common for all mice
[    2.573145] input: AT Translated Set 2 keyboard as /devices/platform/i8042/serio0/input/input2
[    2.583014] rtc_cmos rtc_cmos: rtc core: registered rtc_cmos as rtc0
[    2.583113] rtc_cmos rtc_cmos: alarms up to one day, 114 bytes nvram
[    2.583130] i2c /dev entries driver
[    2.583443] device-mapper: uevent: version 1.0.3
[    2.583613] device-mapper: ioctl: 4.34.0-ioctl (2015-10-28) initialised: dm-devel@redhat.com
[    2.583643] ledtrig-cpu: registered to indicate activity on CPUs
[    2.628238] NET: Registered protocol family 10
[    2.631186] NET: Registered protocol family 17
[    2.634050] Key type dns_resolver registered
[    2.637863] registered taskstats version 1
[    2.640401] Loading compiled-in X.509 certificates
[    2.648630] Loaded X.509 cert 'Build time autogenerated kernel key: 4eb3d024ac16f76c1747ffd474694c84db21038b'
[    2.661607] zswap: loaded using pool lzo/zbud
[    2.670965] Key type trusted registered
[    2.677905] Key type encrypted registered
[    2.680343] AppArmor: AppArmor sha1 policy hashing enabled
[    2.683368] ima: No TPM chip found, activating TPM-bypass!
[    2.686804] ima: Allocated hash algorithm: sha1
[    2.689789] evm: HMAC attrs: 0x1
[    2.699761]   Magic number: 2:572:982
[    2.708641] rtc_cmos rtc_cmos: setting system clock to 2018-09-14 10:58:47 UTC (1536922727)
[    2.713763] BIOS EDD facility v0.16 2004-Jun-25, 0 devices found
[    2.717136] EDD information not available.
[    2.733277] Freeing unused kernel memory: 1516K
[    2.746670] Write protecting the kernel read-only data: 14336k
[    2.752841] Freeing unused kernel memory: 1672K
[    2.755873] Freeing unused kernel memory: 92K
Loading, please wait...
starting version 229
[    2.778678] random: systemd-udevd: uninitialized urandom read (16 bytes read, 5 bits of entropy available)
[    2.780912] random: udevadm: uninitialized urandom read (16 bytes read, 5 bits of entropy available)
[    2.780952] random: udevadm: uninitialized urandom read (16 bytes read, 5 bits of entropy available)
[    2.800612] random: udevadm: uninitialized urandom read (16 bytes read, 5 bits of entropy available)
[    2.800680] random: udevadm: uninitialized urandom read (16 bytes read, 5 bits of entropy available)
[    2.800916] random: udevadm: uninitialized urandom read (16 bytes read, 5 bits of entropy available)
[    2.801350] random: udevadm: uninitialized urandom read (16 bytes read, 5 bits of entropy available)
[    2.801645] random: udevadm: uninitialized urandom read (16 bytes read, 5 bits of entropy available)
[    2.801749] random: udevadm: uninitialized urandom read (16 bytes read, 5 bits of entropy available)
[    2.801842] random: udevadm: uninitialized urandom read (16 bytes read, 5 bits of entropy available)
[    2.826329] tsc: Refined TSC clocksource calibration: 1600.490 MHz
[    2.826675] clocksource: tsc: mask: 0xffffffffffffffff max_cycles: 0x1711f3cf6d6, max_idle_ns: 440795244691 ns
[    2.944070] e1000: Intel(R) PRO/1000 Network Driver - version 7.3.21-k8-NAPI
[    2.951669] e1000: Copyright (c) 1999-2006 Intel Corporation.
[    2.951725] Fusion MPT base driver 3.04.20
[    2.951725] Copyright (c) 1999-2008 LSI Corporation
[    2.990716] AVX2 version of gcm_enc/dec engaged.
[    2.998583] AES CTR mode by8 optimization enabled
[    3.015102] Fusion MPT SPI Host driver 3.04.20
[    3.210122] input: ImExPS/2 Generic Explorer Mouse as /devices/platform/i8042/serio1/input/input4
[    3.464983] e1000 0000:00:03.0 eth0: (PCI:33MHz:32-bit) 02:1d:76:b3:3c:fe
[    3.469364] e1000 0000:00:03.0 eth0: Intel(R) PRO/1000 Network Connection
[    3.474431] mptbase: ioc0: Initiating bringup
[    3.749172] ioc0: LSI53C1030 A0: Capabilities={Initiator}
[    4.031466] scsi host2: ioc0: LSI53C1030 A0, FwRev=00000000h, Ports=1, MaxQ=256, IRQ=20
[    5.052865] scsi 2:0:0:0: Direct-Access     VBOX     HARDDISK         1.0  PQ: 0 ANSI: 5
[    5.059151] scsi target2:0:0: Beginning Domain Validation
[    5.066927] scsi target2:0:0: Domain Validation skipping write tests
[    5.071144] scsi target2:0:0: Ending Domain Validation
[    5.074826] scsi target2:0:0: asynchronous
[    5.079506] scsi 2:0:1:0: Direct-Access     VBOX     HARDDISK         1.0  PQ: 0 ANSI: 5
[    5.106343] scsi target2:0:1: Beginning Domain Validation
[    5.120133] scsi target2:0:1: Domain Validation skipping write tests
[    5.127606] scsi target2:0:1: Ending Domain Validation
[    5.132213] scsi target2:0:1: asynchronous
[    5.152950] sd 2:0:0:0: Attached scsi generic sg0 type 0
[    5.160752] sd 2:0:1:0: Attached scsi generic sg1 type 0
[    5.169692] sd 2:0:0:0: [sda] 20971520 512-byte logical blocks: (10.7 GB/10.0 GiB)
[    5.211167] sd 2:0:1:0: [sdb] 20480 512-byte logical blocks: (10.5 MB/10.0 MiB)
[    5.290503] sd 2:0:0:0: [sda] Write Protect is off
[    5.329407] sd 2:0:1:0: [sdb] Write Protect is off
[    5.378752] sd 2:0:0:0: [sda] Incomplete mode parameter data
[    5.418373] sd 2:0:0:0: [sda] Assuming drive cache: write through
[    5.464078] sd 2:0:1:0: [sdb] Incomplete mode parameter data
[    5.524749] sd 2:0:1:0: [sdb] Assuming drive cache: write through
[    5.568346]  sda: sda1
[    5.575868] sd 2:0:0:0: [sda] Attached SCSI disk
[    5.597093] sd 2:0:1:0: [sdb] Attached SCSI disk
[    5.639898] e1000 0000:00:08.0 eth1: (PCI:33MHz:32-bit) 08:00:27:cf:a1:23
[    5.645501] e1000 0000:00:08.0 eth1: Intel(R) PRO/1000 Network Connection
[    5.654016] e1000 0000:00:08.0 enp0s8: renamed from eth1
[    5.670607] e1000 0000:00:03.0 enp0s3: renamed from eth0
Begin: Loading essential drivers ... [    7.056294] md: linear personality registered for level -1
[    7.063347] md: multipath personality registered for level -4
[    7.070663] md: raid0 personality registered for level 0
[    7.078346] md: raid1 personality registered for level 1
[    7.154287] raid6: sse2x1   gen()  8392 MB/s
[    7.222249] raid6: sse2x1   xor()  6268 MB/s
[    7.298273] raid6: sse2x2   gen() 10347 MB/s
[    7.366276] raid6: sse2x2   xor()  6813 MB/s
[    7.434047] raid6: sse2x4   gen() 11825 MB/s
[    7.502111] raid6: sse2x4   xor()  8441 MB/s
[    7.574230] raid6: avx2x1   gen() 15788 MB/s
[    7.642154] raid6: avx2x2   gen() 10926 MB/s
[    7.718270] raid6: avx2x4   gen() 21219 MB/s
[    7.721951] raid6: using algorithm avx2x4 gen() 21219 MB/s
[    7.736577] raid6: using avx2x2 recovery algorithm
[    7.746242] xor: automatically using best checksumming function:
[    7.822172]    avx       : 11398.000 MB/sec
[    7.857779] async_tx: api initialized (async)
[    7.875708] md: raid6 personality registered for level 6
[    7.881473] md: raid5 personality registered for level 5
[    7.888774] md: raid4 personality registered for level 4
[    7.901058] md: raid10 personality registered for level 10
done.
Begin: Running /scripts/init-premount ... done.
Begin: Mounting root file system ... Begin: Running /scripts/local-top ... done.
Begin: Running /scripts/local-premount ... [    7.951778] Btrfs loaded
Scanning for Btrfs filesystems
done.
Warning: fsck not present, so skipping root file system
[    8.018104] EXT4-fs (sda1): mounted filesystem with ordered data mode. Opts: (null)
done.
Begin: Running /scripts/local-bottom ... done.
Begin: Running /scripts/init-bottom ... done.
[    8.256828] systemd[1]: systemd 229 running in system mode. (+PAM +AUDIT +SELINUX +IMA +APPARMOR +SMACK +SYSVINIT +UTMP +LIBCRYPTSETUP +GCRYPT +GNUTLS +ACL +XZ -LZ4 +SECCOMP +BLKID +ELFUTILS +KMOD -IDN)
[    8.267200] systemd[1]: Detected virtualization oracle.
[    8.270444] systemd[1]: Detected architecture x86-64.

Welcome to [1mUbuntu 16.04.5 LTS[0m!

[    8.281816] systemd[1]: Set hostname to <ubuntu>.
[    8.293428] systemd[1]: Initializing machine ID from random generator.
[    8.297331] systemd[1]: Installed transient /etc/machine-id file.
[    8.702302] systemd[1]: Reached target User and Group Name Lookups.
[[0;32m  OK  [0m] Reached target User and Group Name Lookups.
[   8.839408] systemd[1: Created slic Sstem Slice.
 [[0;32m  OK  [0m] Created slice System Slice.
[    9.069319]systemd[1]: Listening on LVM2 metadata daemon socket.
[[0;32m  OK  [0m] Listening on LVM2 metadata daemon socket.
[    9.619494] systemd[1]: Listenin on Journal Audit Socket.
[[0;32m  OK  [0m] Listening on Journal Audit Socket.
[    9.657393] systemd[1]: Created slice User and Sessionn Slice.
[[0;32m  OK  [0m] Created slice User and Session Slice.
[    9.822463] systemd[1]: Reached target System Time Synchronized.
[[0;32m  OK  [0m] Reached target System Time Synchronized.
[    9.836388] systemd[1]: Created slice system-serial\x2dgetty.slice.
[[0;32m  OK  [0m] Created slice system-serial\x2dgetty.slice.
[    9.850449] systemd[1]Listening on /dev/initctl Compatibility Named Pipe.
[[0;32m  OK  [0m] Listening on /dev/initctl Compatibility Named Pipe.
[   9.950911] systemd[1]: Listning on Journal Socket (/dev/log).
[[0;32m  OK  [0m] Listening on Journal Socket (/dev/log).
[   10.011364] systemd[1]: Reached target Encrypted Volumes.
[[0;32m  OK  [0m] Reached target Encrypted Volumes.
[   10.018537] systemd[1]: Listening on Syslog Socket.
[[0;32m  OK  [0m] Listening on Syslog Socket.
[   10.025456] systemd[1]: Listening on udev Kernel Socket.
[[0;32m  OK  [0m] Listening on udev Kernel Socket.
[   10.951045] systemd[1]: Stard Forward Password Requests to Wall Directory Watch.
[[0;32m  OK  [0m] Started Forward Password Requests to Wall Directory Watch.
[   11.013564] systemd[1]: Listening on Journal Socket.
[[0;32m  OK  [0m] Listening on Journal Socket.

[   11.031130] systemd[1]: Starting Journal Service...
         Starting Journal Service...
[   11.051335] systemd[1]: Starting Set console keymap...
         Starting Set console keymap...
[   11.071382] systemd[1]: Starting Remount Root and Kernel File Systems...
         Starting Remount Root and Kernel File Systems...
[   11.080529] systemd[1]: Reached target Slices.
[[0;32m  OK  [0m] Reached target Slices.
[   11.093556] EXT4-fs (sda1): re-mounted. Opts: (null)
[   11.110286] systemd[1]: Starting Uncomplicated firewall...
         Starting Uncomplicated firewall.[   11.117649] random: nonblocking pool is initialized
..
[   11.128663] systemd[1]: Starting Create list of required static device nodes for the current kernel...
         Starting Create list of required st... nodes for the current kernel...
[   11.146797] systemd[1]: Mounting POSIX Message Queue File System...
         Mounting POSIX Message Queue File System...
[   11.165152] systemd[1]: Listening on udev Control Socket.
[[0;32m  OK  [0m] Listening on udev Control Socket.
[   11.171740] systemd[1]: Listening on Device-mapper event daemon FIFOs.
[[0;32m  OK  [0m] Listening on Device-mapper event daemon FIFOs.
[   11.198757] systemd[1]: Starting Monitoring of LVM2 mirrors, snapshots etc. using dmeventd or progress polling...
         Starting Monitoring of LVM2 mirrors... dmeventd or progress polling...
[   11.306460] systemd[1]: Starting Load Kernel Modules...
[   11.339157] Loading iSCSI transport class v2.0-870.
         Starting Load Kernel Modules...
[   11.345880] systemd[1]: Listening on LVM2 poll daemon socket.
[[0;32m  OK  [0m] Listening on LVM2 poll daemon socket.
[   11.359523] systemd[1]: Mounting Huge Pages File System...
[   11.363595] iscsi: registered transport (tcp)
         Mounting Huge Pages File System...
[   11.370957] systemd[1]: Started Trigger resolvconf update for networkd DNS.
[[0;32m  OK  [0m] Started Trigger resolvconf update for networkd DNS.
[   11.402368] systemd[1]: Starting Nameserver information manager...
         Starting Nameserver information [   11.416590] iscsi: registered transport (iser)
manager...
[   11.432469] systemd[1]: Reached target Swap.
[[0;32m  OK  [0m] Reached target Swap.
[   11.452131] systemd[1]: Mounting Debug File System...
         Mounting Debug File System...
[   11.463222] systemd[1]: Set up automount Arbitrary Executable File Formats File System Automount Point.
[[0;32m  OK  [0m] Set up automount Arbitrary Executab...ats File System Automount Point.
[   11.511233] systemd[1]: Mounted Debug File System.
[[0;32m  OK  [0m] Mounted Debug File System.
[   11.521219] systemd[1]: Mounted Huge Pages File System.
[[0;32m  OK  [0m] Mounted Huge Pages File System.
[   11.528884] systemd[1]: Mounted POSIX Message Queue File System.
[[0;32m  OK  [0m] Mounted POSIX Message Queue File System.
[   11.541545] systemd[1]: Started Journal Service.
[[0;32m  OK  [0m] Started Journal Service.
[[0;32m  OK  [0m] Started Set console keymap.
[[0;32m  OK  [0m] Started Remount Root and Kernel File Systems.
[[0;32m  OK  [0m] Started Uncomplicated firewall.
[[0;32m  OK  [0m] Started Create list of required sta...ce nodes for the current kernel.
[[0;32m  OK  [0m] Started Load Kernel Modules.
[[0;32m  OK  [0m] Started Nameserver information manager.
[[0;32m  OK  [0m] Started LVM2 metadata daemon.
         Starting Apply Kernel Variables...
         Mounting FUSE Control File System...
         Starting Create Static Device Nodes in /dev...
         Starting Load/Save Random Seed...
         Starting udev Coldplug all Devices...
         Starting Flush Journal to Persistent Storage...
[[0;32m  OK  [0m] Mounted FUSE Control File System.
[[0;32m  OK  [0m] Started Apply Kernel Variables.
[[0;32m  OK  [0m] Started Create Static Device Nodes in /dev.
[[0;32m  OK  [0m] Started Load/Save Random Seed.
[[0;32m  OK  [0m] Started udev Coldplug all Devices.
[[0;32m  OK  [0m] Started Flush Journal to Persistent Storage.
         Starting udev Kernel Device Manager...
[[0;32m  OK  [0m] Started Monitoring of LVM2 mirrors,...ng dmeventd or progress polling.
[[0;32m  OK  [0m] Started udev Kernel Device Manager.
[[0;32m  OK  [0m] Reached target Local File Systems (Pre).
[[0;32m  OK  [0m] Reached target Local File Systems.
         Starting Create Volatile Files and Directories...
         Starting Initial cloud-init job (pre-networking)...
         Starting Set console font and keymap...
         Starting LSB: AppArmor initialization...
         Starting Commit a transient machine-id on disk...
         Starting Tell Plymouth To Write Out Runtime Data...
[[0;32m  OK  [0m] Started Dispatch Password Requests to Console Directory Watch.
[[0;32m  OK  [0m] Started Create Volatile Files and Directories.
[[0;32m  OK  [0m] Started Commit a transient machine-id on disk.
[[0;32m  OK  [0m] Started Tell Plymouth To Write Out Runtime Data.
         Starting Update UTMP about System Boot/Shutdown...
[[0;32m  OK  [0m] Started Update UTMP about System Boot/Shutdown.
[[0;32m  OK  [0m] Found device /dev/ttyS0.
[[0;32m  OK  [0m] Listening on Load/Save RF Kill Switch Status /dev/rfkill Watch.
[   13.240473] [[0;32m  OK  [0m] Started LSB: AppArmor initialization.
cloud-init[483]: Cloud-init v. 18.3-9-g2e62cb8a-0ubuntu1~16.04.2 running 'init-local' at Fri, 14 Sep 2018 10:58:58 +0000. Up 12.45 seconds.
[[0;32m  OK  [0m] Started Initial cloud-init job (pre-networking).
[[0;32m  OK  [0m] Reached target Network (Pre).
         Starting Raise network interfaces...
[[0;32m  OK  [0m] Started Set console font and keymap.
[[0;32m  OK  [0m] Created slice system-getty.slice.
[[0;32m  OK  [0m] Started Raise network interfaces.
         Starting Initial cloud-init job (metadata service crawler)...
[[0;32m  OK  [0m] Reached target Network.
[   14.944804] cloud-init[944]: Cloud-init v. 18.3-9-g2e62cb8a-0ubuntu1~16.04.2 running 'init' at Fri, 14 Sep 2018 10:58:59 +0000. Up 14.17 seconds.
[   14.959509] cloud-init[944]: ci-info: ++++++++++++++++++++++++++++++++++++++Net device info+++++++++++++++++++++++++++++++++++++++
[   14.975959] cloud-init[944]: ci-info: +--------+-------+----------------------------+---------------+--------+-------------------+
[   14.986017] cloud-init[944]: ci-info: | Device |   Up  |          Address           |      Mask     | Scope  |     Hw-Address    |
[   14.995932] cloud-init[944]: ci-info: +--------+-------+----------------------------+---------------+--------+-------------------+
[   15.003545] cloud-init[944]: ci-info: | enp0s3 |  True |         10.0.2.15          | 255.255.255.0 | global | 02:1d:76:b3:3c:fe |
[   15.015088] cloud-init[944]: ci-info: | enp0s3 |  True | fe80::1d:76ff:feb3:3cfe/64 |       .       |  link  | 02:1d:76:b3:3c:fe |
[   15.023231] cloud-init[944]: ci-info: | enp0s8 | False |             .              |       .       |   .    | 08:00:27:cf:a1:23 |
[   15.041085] cloud-init[944]: ci-info: |   lo   |  True |         127.0.0.1          |   255.0.0.0   |  host  |         .         |
[   15.052812] cloud-init[944]: ci-info: |   lo   |  True |          ::1/128           |       .       |  host  |         .         |
[   15.062833] cloud-init[944]: ci-info: +--------+-------+----------------------------+---------------+--------+-------------------+
[   15.071150] cloud-init[944]: ci-info: +++++++++++++++++++++++++++Route IPv4 info++++++++++++++++++++++++++++
[   15.088311] [[0;32m  OK  [0m] Started Initial cloud-init job (metadata service crawler).
cloud-init[944]: ci-info: +-------+-------------+----------+---------------+-----------+-------+
[   15.100946] [cloud-init[0;32m  OK  [0m[944]: ] ci-info: | Route | Destination | Gateway  |    Genmask    | Interface | Flags |Reached target Network is Online.

[   15.140264]          cloud-initStarting iSCSI initiator daemon (iscsid)...[944]: 
ci-info: +-------+-------------+----------+---------------+-----------+-------+
[   15.142227] [cloud-init[0;32m  OK  [0m[944]: ] ci-info: |   0   |   0.0.0.0   | 10.0.2.2 |    0.0.0.0    |   enp0s3  |   UG  |Reached target Cloud-config availability.

[   15.277902] cloud-init[944]: ci-info: |   1   |   10.0.2.0  | 0.0.0.0  | 255.255.255.0 |   enp0s3  |   U   |
[[0;32m  OK  [0m] Reached target System Initialization.
[   15.286691] cloud-init[944]: ci-info: +-------+-------------+----------+---------------+-----------+-------+
[   15.297395] [[0;32m  OK  [0m] Started Daily Cleanup of Temporary Directories.
         Starting Socket activation for snappy daemon.
cloud-init[944]: ci-info: +++++++++++++++++++Route IPv6 info+++++++++++++++++++
[   15.316402] [[0;32m  OK  [0m] Started ACPI Events Check.
[[0;32m  OK  [0m] Reached target Paths.
cloud-init[944]: ci-info: +-------+-------------+---------+-----------+-------+
         Starting LXD - unix socket.
[[0;32m  OK  [0m] Listening on ACPID Listen Socket.
[[0;32m  OK  [0m] Listening on D-Bus System Message Bus Socket.
[[   15.327619] cloud-init[944]: ci-info: | Route | Destination | Gateway | Interface | Flags |
[   15.332757] cloud-init[944]: ci-info: +-------+-------------+---------+-----------+-------+
[   15.332814] cloud-init[944]: ci-info: |   0   |  fe80::/64  |    ::   |   enp0s3  |   U   |
[   15.333062] cloud-init[944]: ci-info: |   3   |   ff00::/8  |    ::   |   enp0s3  |   U   |
[   15.333107] cloud-init[944]: ci-info: +-------+-------------+---------+-----------+-------+
[   15.333147] cloud-init[944]: Generating public/private rsa key pair.
[   15.333186] cloud-init[944]: Your identification has been saved in /etc/ssh/ssh_host_rsa_key.
[   15.333230] cloud-init[944]: Your public key has been saved in /etc/ssh/ssh_host_rsa_key.pub.
[   15.333268] cloud-init[944]: The key fingerprint is:
[   15.333305] cloud-init[944]: SHA256:/VK9TSr6lbekWYI9t4IYBv4wZkdtsI958Q6DKnnS5wI root@ubuntu-xenial
[   15.333342] cloud-init[944]: The key's randomart image is:
[   15.333378] cloud-init[944]: +---[RSA 2048]----+
[   15.333414] cloud-init[944]: |                 |
[   15.333450] cloud-init[944]: |         .       |
[   15.333487] cloud-init[944]: |          +      |
[   15.333524] cloud-init[944]: |       . + + .   |
[   15.333560] cloud-init[944]: |      . S B + . .|
[   15.333597] cloud-init[944]: |     E * B Bo. * |
[   15.333632] cloud-init[944]: |      * B =.B+=+o|
[   15.333670] cloud-init[944]: |     + = + + =O.o|
[   15.333707] cloud-init[944]: |      + +....o.o |
[   15.333743] cloud-init[944]: +----[SHA256]-----+
[   15.333779] cloud-init[944]: Generating public/private dsa key pair.
[   15.333816] cloud-init[944]: Your identification has been saved in /etc/ssh/ssh_host_dsa_key.
[   15.333852] cloud-init[944]: Your public key has been saved in /etc/ssh/ssh_host_dsa_key.pub.
[   15.333889] cloud-init[944]: The key fingerprint is:
[   15.333924] cloud-init[944]: SHA256:IF4kdqg3V9UcEQpdRG9QCttZK7Ogr4BY7F2ZQodtKr4 root@ubuntu-xenial
[   15.333961] cloud-init[944]: The key's randomart image is:
[   15.333998] cloud-init[944]: +---[DSA 1024]----+
[   15.334033] cloud-init[944]: |    o.o .oo*O=o  |
[   15.334069] cloud-init[944]: |   ..+ o...=o* . |
[   15.334106] cloud-init[944]: |   .. =.+ + * +  |
[   15.334141] cloud-init[944]: |  .oo+.= + . =   |
[   15.334180] cloud-init[944]: |   .=oo S   .    |
[   15.334216] cloud-init[944]: |   = + o .       |
[   15.334251] cloud-init[944]: |  . + o   .      |
[   15.334287] cloud-init[944]: |     . . .       |
[   15.334322] cloud-init[944]: |    E   .        |
[   15.334359] cloud-init[944]: +----[SHA256]-----+
[   15.334394] cloud-init[944]: Generating public/private ecdsa key pair.
[   15.334429] cloud-init[944]: Your identification has been saved in /etc/ssh/ssh_host_ecdsa_key.
[   15.334467] cloud-init[944]: Your public key has been saved in /etc/ssh/ssh_host_ecdsa_key.pub.
[   15.334504] cloud-init[944]: The key fingerprint is:
[   15.334538] cloud-init[944]: SHA256:MSg6SaKN0hnscn3O8z7ILFYnhAlgo+Ywx1AJJkyl+ro root@ubuntu-xenial
[   15.334576] cloud-init[944]: The key's randomart image is:
[   15.334612] cloud-init[944]: +---[ECDSA 256]---+
[   15.334648] cloud-init[944]: |BOoo             |
[   15.334684] cloud-init[944]: |===    .         |
[   15.334719] cloud-init[944]: |=o*..o. o        |
[   15.334756] cloud-init[944]: |*X *o..  o       |
[   15.334791] cloud-init[944]: |*.X ... S        |
[   15.334827] cloud-init[944]: |.+ . +o .        |
[   15.334863] cloud-init[944]: |  .  +++         |
[   15.334911] cloud-init[944]: | .  o +o.        |
[   15.334950] cloud-init[944]: |E. . . .o.       |
[   15.334987] cloud-init[944]: +----[SHA256]-----+
[   15.335035] cloud-init[944]: Generating public/private ed25519 key pair.
[   15.335071] cloud-init[944]: Your identification has been saved in /etc/ssh/ssh_host_ed25519_key.
[   15.335107] cloud-init[944]: Your public key has been saved in /etc/ssh/ssh_host_ed25519_key.pub.
[   15.335143] cloud-init[944]: The key fingerprint is:
[   16.003861] cloud-init[944]: SHA256:ChpU/9nqSZjH3Vmt154nuo0rXZcyvF1GFmFd7zN1X54 root@ubuntu-xenial
[0;32m  OK  [0m] Listening on UUID daemon activation socket.
[[0;32m  OK  [0m] Started Daily apt download activities.
[[0;32m  OK  [0m] Started Daily apt upgrade and clean activities.
[[0;32m  OK  [0m] Reached target Timers.
[   16.023026] cloud-init[944]: The key's randomart image is:
[   16.029380] cloud-init[944]: +--[ED25519 256]--+
[   16.032314] cloud-init[944]: |    .          o=|
[   16.035074] cloud-init[944]: |   . .        ..o|
[   16.042378] [cloud-init[0;32m  OK  [0m[944]: ] |  .   .         *|Listening on Socket activation for snappy daemon.

[[0;32m  OK  [0m] Listening on LXD - unix socket.
[[0;32m  OK  [0m] Started iSCSI initiator daemon (iscsid).
[   16.043491] cloud-init[944]: | .     . o     +O|
[   16.066356]          Starting Login to default iSCSI targets...
[[0;32m  OK  [0m] Reached target Sockets.
cloud-init[944]: |  . .   S . . .E*|
[[0;32m  OK  [0m] Reached target Basic System.
[   16.079975]          Starting Accounts Service...
         Starting LXD - container startup/shutdown...
         Starting LSB: Record successful boot for GRUB...
         Starting /etc/rc.local Compatibility...
cloud-init[944]: |   o . = o . *.oB|
[   16.111040]          Starting Login Service...
cloud-init[944]: |  .   + = ..o.*o+|
[   16.123682] cloud-init[944]: |       + .. .+.+o|
         Starting System Logging Service...
[   16.125226] cloud-init[944]: |        o  .=+.oo|
[   16.166908] cloud-init[944]: +----[SHA256]-----+
         Starting Virtualbox guest utils...
         Starting Snappy daemon...
[[0;32m  OK  [0m] Started ACPI event daemon.
[[0;32m  OK  [0m] Started FUSE filesystem for LXC.
[[0;32m  OK  [0m] Started D-Bus System Message Bus.
         Starting Pollinate to seed the pseudo random number generator...
         Starting LSB: MD monitoring daemon...
[[0;32m  OK  [0m] Started Deferred execution scheduler.
[[0;32m  OK  [0m] Started Regular background program processing daemon.
[[0;32m  OK  [0m] Started Unattended Upgrades Shutdown.
[[0;32m  OK  [0m] Started System Logging Service.
[[0;32m  OK  [0m] Started LXD - container startup/shutdown.
[[0;32m  OK  [0m] Started /etc/rc.local Compatibility.
[[0;32m  OK  [0m] Started Snappy daemon.
[[0;32m  OK  [0m] Started Login to default iSCSI targets.
[[0;32m  OK  [0m] Started LSB: Record successful boot for GRUB.
[[0;32m  OK  [0m] Started LSB: MD monitoring daemon.
[[0;32m  OK  [0m] Started Login Service.
         Starting Authenticate and Authorize Users to Run Privileged Tasks...
[[0;32m  OK  [0m] Reached target Remote File Systems (Pre).
[[0;32m  OK  [0m] Reached target Remote File Systems.
         Starting LSB: Set the CPU Frequency Scaling governor to "ondemand"...
         Starting LSB: automatic crash report generation...
         Starting Permit User Sessions...
         Starting LSB: daemon to balance interrupts for SMP systems...
         Starting Wait until snapd is fully seeded...
[[0;32m  OK  [0m] Started Permit User Sessions.
         Starting Hold until boot process finishes up...
         Starting Terminate Plymouth Boot Screen...
[[0;32m  OK  [0m] Started Virtualbox guest utils.
[[0;32m  OK  [0m] Started Authenticate and Authorize Users to Run Privileged Tasks.
[[0;32m  OK  [0m] Started Hold until boot process finishes up.
[[0;32m  OK  [0m] Started LSB: Set the CPU Frequency Scaling governor to "ondemand".
[[0;32m  OK  [0m] Started Terminate Plymouth Boot Screen.
[[0;32m  OK  [0m] Started Accounts Service.
[[0;32m  OK  [0m] Started Getty on tty1.
         Starting Set console scheme...
[[0;32m  OK  [0m] Started Serial Getty on ttyS0.
[[0;32m  OK  [0m] Reached target Login Prompts.
[[0;32m  OK  [0m] Started Pollinate to seed the pseudo random number generator.
[[0;32m  OK  [0m] Started LSB: automatic crash report generation.
[[0;32m  OK  [0m] Started LSB: daemon to balance interrupts for SMP systems.
[[0;32m  OK  [0m] Started Set console scheme.
         Starting OpenBSD Secure Shell server...
[[0;32m  OK  [0m] Started OpenBSD Secure Shell server.
[[0;32m  OK  [0m] Created slice User Slice of vagrant.
         Starting User Manager for UID 1000...
[[0;32m  OK  [0m] Started Session 1 of user vagrant.
[[0;32m  OK  [0m] Started User Manager for UID 1000.
[[0;32m  OK  [0m] Started Wait until snapd is fully seeded.
         Starting Apply the settings specified in cloud-config...
[[0;32m  OK  [0m] Reached target Multi-User System.
[[0;32m  OK  [0m] Reached target Graphical Interface.
         Starting Update UTMP about System Runlevel Changes...
         Stopping User Manager for UID 1000...
[[0;32m  OK  [0m] Stopped User Manager for UID 1000.
[[0;32m  OK  [0m] Started Update UTMP about System Runlevel Changes.
[[0;32m  OK  [0m] Removed slice User Slice of vagrant.
[[0;32m  OK  [0m] Created slice User Slice of vagrant.
         Starting User Manager for UID 1000...
[[0;32m  OK  [0m] Started Session 2 of user vagrant.
[[0;32m  OK  [0m] Started User Manager for UID 1000.
[   20.457662] cloud-init[1459]: Generating locales (this might take a while)...
[   21.893794] cloud-init[1459]:   en_US.UTF-8... done
[   21.902754] cloud-init[1459]: Generation complete.
[   22.670471] cloud-init[1459]: Cloud-init v. 18.3-9-g2e62cb8a-0ubuntu1~16.04.2 running 'modules:config' at Fri, 14 Sep 2018 10:59:05 +0000. Up 20.20 seconds.

Ubuntu 16.04.5 LTS ubuntu-xenial ttyS0

ubuntu-xenial login: ci-info: no authorized ssh keys fingerprints found for user ubuntu.
<14>Sep 14 10:59:09 ec2: 
<14>Sep 14 10:59:09 ec2: #############################################################
<14>Sep 14 10:59:09 ec2: -----BEGIN SSH HOST KEY FINGERPRINTS-----
<14>Sep 14 10:59:09 ec2: 1024 SHA256:IF4kdqg3V9UcEQpdRG9QCttZK7Ogr4BY7F2ZQodtKr4 root@ubuntu-xenial (DSA)
<14>Sep 14 10:59:09 ec2: 256 SHA256:MSg6SaKN0hnscn3O8z7ILFYnhAlgo+Ywx1AJJkyl+ro root@ubuntu-xenial (ECDSA)
<14>Sep 14 10:59:09 ec2: 256 SHA256:ChpU/9nqSZjH3Vmt154nuo0rXZcyvF1GFmFd7zN1X54 root@ubuntu-xenial (ED25519)
<14>Sep 14 10:59:09 ec2: 2048 SHA256:/VK9TSr6lbekWYI9t4IYBv4wZkdtsI958Q6DKnnS5wI root@ubuntu-xenial (RSA)
<14>Sep 14 10:59:09 ec2: -----END SSH HOST KEY FINGERPRINTS-----
<14>Sep 14 10:59:09 ec2: #############################################################
-----BEGIN SSH HOST KEY KEYS-----
ecdsa-sha2-nistp256 AAAAE2VjZHNhLXNoYTItbmlzdHAyNTYAAAAIbmlzdHAyNTYAAABBBOvL0+z/wy7bQot1JAduXBm/rrTbN0xMdZPmiSdvNBtSIP5N5gT8k7SZdF24b4Axw18DbDMb7Rd1eYcEpDxzHIE= root@ubuntu-xenial
ssh-ed25519 AAAAC3NzaC1lZDI1NTE5AAAAIMIUKHRwg3rKv0rCvubQQbsTi1udI6PiOXyjq6umaQ3b root@ubuntu-xenial
ssh-rsa AAAAB3NzaC1yc2EAAAADAQABAAABAQCVI/hNNzKGnsDEf9bZluri7IusIjU8H8zheZAfdiQfbFNgbK7AwSTdiwj1wpxbHk781a0fMa7/R3oFOYH7uW1tAsesF6kMS3dPALGFHce749rZzetMa750uXdY8Iok8jlp3+7x+JoZQPijiA7mBQnMW92vigk1A7kbyqH29U2rpJsIZBk4DehOHTqj9u577hXh4ipJQqN4KFdgIuwNOgvf8L9ao+LvQvvHrwuTNnquVjhmwspmwLF2xgayp/r66P1i1JYq1rUxhIUg8WYdHB0LHceCtTh03dzShOL+ompWZNNTkiI2qIJYOXGDYbQHsgXS2Pm7j8FsfaU+8vij4kc9 root@ubuntu-xenial
-----END SSH HOST KEY KEYS-----
[   23.422677] cloud-init[1867]: Cloud-init v. 18.3-9-g2e62cb8a-0ubuntu1~16.04.2 running 'modules:final' at Fri, 14 Sep 2018 10:59:08 +0000. Up 23.13 seconds.
[   23.423033] cloud-init[1867]: ci-info: no authorized ssh keys fingerprints found for user ubuntu.
[   23.423652] cloud-init[1867]: Cloud-init v. 18.3-9-g2e62cb8a-0ubuntu1~16.04.2 finished at Fri, 14 Sep 2018 10:59:09 +0000. Datasource DataSourceNoCloud [seed=/dev/sdb][dsmode=net].  Up 23.40 seconds
